This is pdfTeX, Version 3.141592653-2.6-1.40.24 (MiKTeX 22.1) (preloaded format=pdflatex 2022.2.6)  30 MAY 2024 14:09
entering extended mode
 restricted \write18 enabled.
 %&-line parsing enabled.
**./data_visualization_report.tex
(data_visualization_report.tex
LaTeX2e <2021-11-15> patch level 1
L3 programming layer <2022-01-21>
(/Library/Application Support/MiKTeX/texmfs/install/tex/latex/base/article.cls
Document Class: article 2021/10/04 v1.4n Standard LaTeX document class
(/Library/Application Support/MiKTeX/texmfs/install/tex/latex/base/size12.clo
File: size12.clo 2021/10/04 v1.4n Standard LaTeX file (size option)
)
\c@part=\count185
\c@section=\count186
\c@subsection=\count187
\c@subsubsection=\count188
\c@paragraph=\count189
\c@subparagraph=\count190
\c@figure=\count191
\c@table=\count192
\abovecaptionskip=\skip47
\belowcaptionskip=\skip48
\bibindent=\dimen138
)
(/Users/mahesh/Library/Application Support/MiKTeX/texmfs/install/tex/latex/titl
esec/titletoc.sty
Package: titletoc 2021/07/05 v2.14 TOC entries
\ttl@leftsep=\dimen139
)
(/Users/mahesh/Library/Application Support/MiKTeX/texmfs/install/tex/latex/letl
txmacro/letltxmacro.sty
Package: letltxmacro 2019/12/03 v1.6 Let assignment for LaTeX macros (HO)
)
(/Library/Application Support/MiKTeX/texmfs/install/tex/latex/etoolbox/etoolbox
.sty
Package: etoolbox 2020/10/05 v2.5k e-TeX tools for LaTeX (JAW)
\etb@tempcnta=\count193
)
(/Users/mahesh/Library/Application Support/MiKTeX/texmfs/install/tex/latex/lips
um/lipsum.sty
(/Library/Application Support/MiKTeX/texmfs/install/tex/latex/l3packages/l3keys
2e/l3keys2e.sty
(/Library/Application Support/MiKTeX/texmfs/install/tex/latex/l3kernel/expl3.st
y
Package: expl3 2022-01-21 L3 programming layer (loader) 

(/Library/Application Support/MiKTeX/texmfs/install/tex/latex/l3backend/l3backe
nd-pdftex.def
File: l3backend-pdftex.def 2022-01-12 L3 backend support: PDF output (pdfTeX)
\l__color_backend_stack_int=\count194
\l__pdf_internal_box=\box50
))
Package: l3keys2e 2022-01-12 LaTeX2e option processing using LaTeX3 keys
)
Package: lipsum 2021-09-20 v2.7 150 paragraphs of Lorem Ipsum dummy text
\g__lipsum_par_int=\count195
\l__lipsum_a_int=\count196
\l__lipsum_b_int=\count197

(/Users/mahesh/Library/Application Support/MiKTeX/texmfs/install/tex/latex/lips
um/lipsum.ltd.tex))
(/Library/Application Support/MiKTeX/texmfs/install/tex/latex/base/inputenc.sty
Package: inputenc 2021/02/14 v1.3d Input encoding file
\inpenc@prehook=\toks16
\inpenc@posthook=\toks17
)
(/Users/mahesh/Library/Application Support/MiKTeX/texmfs/install/tex/latex/floa
trow/floatrow.sty
Package: floatrow 2008/08/02 v0.3b floatrow: float package extension

(/Library/Application Support/MiKTeX/texmfs/install/tex/latex/graphics/keyval.s
ty
Package: keyval 2014/10/28 v1.15 key=value parser (DPC)
\KV@toks@=\toks18
)
(/Users/mahesh/Library/Application Support/MiKTeX/texmfs/install/tex/latex/capt
ion/caption3.sty
Package: caption3 2020/10/21 v2.2e caption3 kernel (AR)
\captionmargin=\dimen140
\captionmargin@=\dimen141
\captionwidth=\dimen142
\caption@tempdima=\dimen143
\caption@indent=\dimen144
\caption@parindent=\dimen145
\caption@hangindent=\dimen146
Package caption Info: Standard document class detected.
)
\c@float@type=\count198
\float@exts=\toks19
\float@box=\box51
\@floatcapt=\box52
Package floatrow Info: Modified float package code loaded on input line 455.
Package floatrow Info: Modified rotfloat package code loaded on input line 473.

\FR@everyfloat=\toks20
\flrow@foot=\insert199
\FB@wd=\dimen147
\FBo@wd=\dimen148
\FBc@wd=\dimen149
\FBo@ht=\skip49
\FBc@ht=\skip50
\FBf@ht=\skip51
\FBo@max=\skip52
\FBc@max=\skip53
\FBf@max=\skip54
\c@FBl@b=\count266
\floatbox@depth=\count267
\c@FRobj=\count268
\c@FRsobj=\count269
\Xhsize=\skip55
\sXhsize=\skip56
\Zhsize=\skip57
\sZhsize=\skip58
\flrow@rowbox=\box53
\FR@Zunitlength=\dimen150
\c@FBcnt=\count270
\FPOScnt=\count271
\LTleft=\skip59
\LTright=\skip60
\LTleft=\skip61
\LTright=\skip62
\flrow@types=\toks21
)
(/Library/Application Support/MiKTeX/texmfs/install/tex/latex/graphics/graphicx
.sty
Package: graphicx 2021/09/16 v1.2d Enhanced LaTeX Graphics (DPC,SPQR)

(/Library/Application Support/MiKTeX/texmfs/install/tex/latex/graphics/graphics
.sty
Package: graphics 2021/03/04 v1.4d Standard LaTeX Graphics (DPC,SPQR)

(/Library/Application Support/MiKTeX/texmfs/install/tex/latex/graphics/trig.sty
Package: trig 2021/08/11 v1.11 sin cos tan (DPC)
)
(/Library/Application Support/MiKTeX/texmfs/install/tex/latex/graphics-cfg/grap
hics.cfg
File: graphics.cfg 2016/06/04 v1.11 sample graphics configuration
)
Package graphics Info: Driver file: pdftex.def on input line 107.

(/Library/Application Support/MiKTeX/texmfs/install/tex/latex/graphics-def/pdft
ex.def
File: pdftex.def 2020/10/05 v1.2a Graphics/color driver for pdftex
))
\Gin@req@height=\dimen151
\Gin@req@width=\dimen152
)
(/Users/mahesh/Library/Application Support/MiKTeX/texmfs/install/tex/latex/capt
ion/caption.sty
Package: caption 2020/10/26 v3.5g Customizing captions (AR)
\c@caption@flags=\count272
\c@continuedfloat=\count273
Package caption Info: float package is loaded.
Package caption Info: floatrow package is loaded.
)

! LaTeX Error: Command \thesubfigure undefined.

See the LaTeX manual or LaTeX Companion for explanation.
Type  H <return>  for immediate help.
 ...                                              
                                                  
l.14 \renewcommand\thesubfigure
                               {\alph{subfigure})}
Try typing  <return>  to proceed.
If that doesn't work, type  X <return>  to quit.


(/Users/mahesh/Library/Application Support/MiKTeX/texmfs/install/tex/latex/siun
itx/siunitx.sty
Package: siunitx 2022-06-22 v3.1.4 A comprehensive (SI) units package
\l__siunitx_angle_tmp_dim=\dimen153
\l__siunitx_angle_marker_box=\box54
\l__siunitx_angle_unit_box=\box55
\l__siunitx_compound_count_int=\count274

(/Users/mahesh/Library/Application Support/MiKTeX/texmfs/install/tex/latex/tran
slations/translations.sty
Package: translations 2022/02/05 v1.12 internationalization of LaTeX2e packages
 (CN)

(/Library/Application Support/MiKTeX/texmfs/install/tex/generic/pdftexcmds/pdft
excmds.sty
Package: pdftexcmds 2020-06-27 v0.33 Utility functions of pdfTeX for LuaTeX (HO
)

(/Users/mahesh/Library/Application Support/MiKTeX/texmfs/install/tex/generic/in
fwarerr/infwarerr.sty
Package: infwarerr 2019/12/03 v1.5 Providing info/warning/error messages (HO)
)
(/Library/Application Support/MiKTeX/texmfs/install/tex/generic/iftex/iftex.sty
Package: iftex 2020/03/06 v1.0d TeX engine tests
)
(/Users/mahesh/Library/Application Support/MiKTeX/texmfs/install/tex/generic/lt
xcmds/ltxcmds.sty
Package: ltxcmds 2020-05-10 v1.25 LaTeX kernel commands for general use (HO)
)
Package pdftexcmds Info: \pdf@primitive is available.
Package pdftexcmds Info: \pdf@ifprimitive is available.
Package pdftexcmds Info: \pdfdraftmode found.
))
\l__siunitx_number_exponent_fixed_int=\count275
\l__siunitx_number_min_decimal_int=\count276
\l__siunitx_number_min_integer_int=\count277
\l__siunitx_number_round_precision_int=\count278
\l__siunitx_number_group_first_int=\count279
\l__siunitx_number_group_size_int=\count280
\l__siunitx_number_group_minimum_int=\count281

(/Library/Application Support/MiKTeX/texmfs/install/tex/latex/amsmath/amstext.s
ty
Package: amstext 2021/08/26 v2.01 AMS text

(/Library/Application Support/MiKTeX/texmfs/install/tex/latex/amsmath/amsgen.st
y
File: amsgen.sty 1999/11/30 v2.0 generic functions
\@emptytoks=\toks22
\ex@=\dimen154
))
\l__siunitx_table_tmp_box=\box56
\l__siunitx_table_tmp_dim=\dimen155
\l__siunitx_table_column_width_dim=\dimen156
\l__siunitx_table_integer_box=\box57
\l__siunitx_table_decimal_box=\box58
\l__siunitx_table_before_box=\box59
\l__siunitx_table_after_box=\box60
\l__siunitx_table_before_dim=\dimen157
\l__siunitx_table_carry_dim=\dimen158
\l__siunitx_unit_tmp_int=\count282
\l__siunitx_unit_position_int=\count283
\l__siunitx_unit_total_int=\count284

(/Library/Application Support/MiKTeX/texmfs/install/tex/latex/tools/array.sty
Package: array 2021/10/04 v2.5f Tabular extension package (FMi)
\col@sep=\dimen159
\ar@mcellbox=\box61
\extrarowheight=\dimen160
\NC@list=\toks23
\extratabsurround=\skip63
\backup@length=\skip64
\ar@cellbox=\box62
))
(/Users/mahesh/Library/Application Support/MiKTeX/texmfs/install/tex/latex/subf
ig/subfig.sty
Package: subfig 2005/06/28 ver: 1.3 subfig package
\c@KVtest=\count285
\sf@farskip=\skip65
\sf@captopadj=\dimen161
\sf@capskip=\skip66
\sf@nearskip=\skip67
\c@subfigure=\count286
\c@subfigure@save=\count287
\c@lofdepth=\count288
\c@subtable=\count289
\c@subtable@save=\count290
\c@lotdepth=\count291
\sf@top=\skip68
\sf@bottom=\skip69
)
(/Users/mahesh/Library/Application Support/MiKTeX/texmfs/install/tex/latex/spve
rbatim/spverbatim.sty
Package: spverbatim 2009/08/10 v1.0 Verbatim with breakable spaces
)
(/Users/mahesh/Library/Application Support/MiKTeX/texmfs/install/tex/latex/book
tabs/booktabs.sty
Package: booktabs 2020/01/12 v1.61803398 Publication quality tables
\heavyrulewidth=\dimen162
\lightrulewidth=\dimen163
\cmidrulewidth=\dimen164
\belowrulesep=\dimen165
\belowbottomsep=\dimen166
\aboverulesep=\dimen167
\abovetopsep=\dimen168
\cmidrulesep=\dimen169
\cmidrulekern=\dimen170
\defaultaddspace=\dimen171
\@cmidla=\count292
\@cmidlb=\count293
\@aboverulesep=\dimen172
\@belowrulesep=\dimen173
\@thisruleclass=\count294
\@lastruleclass=\count295
\@thisrulewidth=\dimen174
)
(/Library/Application Support/MiKTeX/texmfs/install/tex/latex/tools/tabularx.st
y
Package: tabularx 2020/01/15 v2.11c `tabularx' package (DPC)
\TX@col@width=\dimen175
\TX@old@table=\dimen176
\TX@old@col=\dimen177
\TX@target=\dimen178
\TX@delta=\dimen179
\TX@cols=\count296
\TX@ftn=\toks24
)
(/Users/mahesh/Library/Application Support/MiKTeX/texmfs/install/tex/latex/cite
/cite.sty
LaTeX Info: Redefining \cite on input line 302.
LaTeX Info: Redefining \nocite on input line 332.
Package: cite 2015/02/27  v 5.5
)
(/Users/mahesh/Library/Application Support/MiKTeX/texmfs/install/tex/latex/appe
ndix/appendix.sty
Package: appendix 2020/02/08 v1.2c extra appendix facilities
\c@@pps=\count297
\c@@ppsavesec=\count298
\c@@ppsaveapp=\count299
)

! LaTeX Error: Option clash for package appendix.

See the LaTeX manual or LaTeX Companion for explanation.
Type  H <return>  for immediate help.
 ...                                              
                                                  
l.30 \usepackage
                [section]{placeins}
The package appendix has already been loaded with options:
  [titletoc]
There has now been an attempt to load it with options
  [toc,page]
Adding the global options:
  titletoc,toc,page
to your \documentclass declaration may fix this.
Try typing  <return>  to proceed.


(/Users/mahesh/Library/Application Support/MiKTeX/texmfs/install/tex/latex/plac
eins/placeins.sty
Package: placeins 2005/04/18  v 2.2
)
(/Library/Application Support/MiKTeX/texmfs/install/tex/latex/amsfonts/amsfonts
.sty
Package: amsfonts 2013/01/14 v3.01 Basic AMSFonts support
\symAMSa=\mathgroup4
\symAMSb=\mathgroup5
LaTeX Font Info:    Redeclaring math symbol \hbar on input line 98.
LaTeX Font Info:    Overwriting math alphabet `\mathfrak' in version `bold'
(Font)                  U/euf/m/n --> U/euf/b/n on input line 106.
)
(/Users/mahesh/Library/Application Support/MiKTeX/texmfs/install/tex/latex/bbm/
bbm.sty
Package: bbm 1999/03/15 V 1.2 provides fonts for set symbols - TH
LaTeX Font Info:    Overwriting math alphabet `\mathbbm' in version `bold'
(Font)                  U/bbm/m/n --> U/bbm/bx/n on input line 33.
LaTeX Font Info:    Overwriting math alphabet `\mathbbmss' in version `bold'
(Font)                  U/bbmss/m/n --> U/bbmss/bx/n on input line 35.
)
(/Users/mahesh/Library/Application Support/MiKTeX/texmfs/install/tex/latex/sets
pace/setspace.sty
Package: setspace 2011/12/19 v6.7a set line spacing
)
(/Users/mahesh/Library/Application Support/MiKTeX/texmfs/install/tex/latex/pars
kip/parskip.sty
Package: parskip 2021-03-14 v2.0h non-zero parskip adjustments

(/Users/mahesh/Library/Application Support/MiKTeX/texmfs/install/tex/latex/kvop
tions/kvoptions.sty
Package: kvoptions 2020-10-07 v3.14 Key value format for package options (HO)

(/Users/mahesh/Library/Application Support/MiKTeX/texmfs/install/tex/generic/kv
setkeys/kvsetkeys.sty
Package: kvsetkeys 2019/12/15 v1.18 Key value parser (HO)
)))
(/Library/Application Support/MiKTeX/texmfs/install/tex/latex/graphics/color.st
y
Package: color 2021/12/07 v1.3c Standard LaTeX Color (DPC)

(/Library/Application Support/MiKTeX/texmfs/install/tex/latex/graphics-cfg/colo
r.cfg
File: color.cfg 2016/01/02 v1.6 sample color configuration
)
Package color Info: Driver file: pdftex.def on input line 149.
)
(/Users/mahesh/Library/Application Support/MiKTeX/texmfs/install/tex/latex/fund
us-outline/outline.sty
Package: outline 2012/04/10 v1.2 LaTeX package outline
)
(/Users/mahesh/Library/Application Support/MiKTeX/texmfs/install/tex/latex/ulem
/ulem.sty
\UL@box=\box63
\UL@hyphenbox=\box64
\UL@skip=\skip70
\UL@hook=\toks25
\UL@height=\dimen180
\UL@pe=\count300
\UL@pixel=\dimen181
\ULC@box=\box65
Package: ulem 2019/11/18
\ULdepth=\dimen182
)
(/Library/Application Support/MiKTeX/texmfs/install/tex/latex/xcolor/xcolor.sty
Package: xcolor 2021/10/31 v2.13 LaTeX color extensions (UK)

(/Library/Application Support/MiKTeX/texmfs/install/tex/latex/graphics-cfg/colo
r.cfg
File: color.cfg 2016/01/02 v1.6 sample color configuration
)
Package xcolor Info: Driver file: pdftex.def on input line 227.
LaTeX Info: Redefining \color on input line 711.
Package xcolor Info: Model `cmy' substituted by `cmy0' on input line 1352.
Package xcolor Info: Model `hsb' substituted by `rgb' on input line 1356.
Package xcolor Info: Model `RGB' extended on input line 1368.
Package xcolor Info: Model `HTML' substituted by `rgb' on input line 1370.
Package xcolor Info: Model `Hsb' substituted by `hsb' on input line 1371.
Package xcolor Info: Model `tHsb' substituted by `hsb' on input line 1372.
Package xcolor Info: Model `HSB' substituted by `hsb' on input line 1373.
Package xcolor Info: Model `Gray' substituted by `gray' on input line 1374.
Package xcolor Info: Model `wave' substituted by `hsb' on input line 1375.
)
(/Users/mahesh/Library/Application Support/MiKTeX/texmfs/install/tex/latex/brak
et/braket.sty)
(/Users/mahesh/Library/Application Support/MiKTeX/texmfs/install/tex/latex/geom
etry/geometry.sty
Package: geometry 2020/01/02 v5.9 Page Geometry

(/Library/Application Support/MiKTeX/texmfs/install/tex/generic/iftex/ifvtex.st
y
Package: ifvtex 2019/10/25 v1.7 ifvtex legacy package. Use iftex instead.
)
\Gm@cnth=\count301
\Gm@cntv=\count302
\c@Gm@tempcnt=\count303
\Gm@bindingoffset=\dimen183
\Gm@wd@mp=\dimen184
\Gm@odd@mp=\dimen185
\Gm@even@mp=\dimen186
\Gm@layoutwidth=\dimen187
\Gm@layoutheight=\dimen188
\Gm@layouthoffset=\dimen189
\Gm@layoutvoffset=\dimen190
\Gm@dimlist=\toks26

(/Users/mahesh/Library/Application Support/MiKTeX/texmfs/install/tex/latex/geom
etry/geometry.cfg))
(/Users/mahesh/Library/Application Support/MiKTeX/texmfs/install/tex/latex/foot
misc/footmisc.sty
Package: footmisc 2011/06/06 v5.5b a miscellany of footnote facilities
\FN@temptoken=\toks27
\footnotemargin=\dimen191
\c@pp@next@reset=\count304
Package footmisc Info: Declaring symbol style bringhurst on input line 855.
Package footmisc Info: Declaring symbol style chicago on input line 863.
Package footmisc Info: Declaring symbol style wiley on input line 872.
Package footmisc Info: Declaring symbol style lamport-robust on input line 883.

Package footmisc Info: Declaring symbol style lamport* on input line 903.
Package footmisc Info: Declaring symbol style lamport*-robust on input line 924
.
)
(/Library/Application Support/MiKTeX/texmfs/install/tex/latex/tools/enumerate.s
ty
Package: enumerate 2015/07/23 v3.00 enumerate extensions (DPC)
\@enLab=\toks28
)
(/Library/Application Support/MiKTeX/texmfs/install/tex/latex/base/fontenc.sty
Package: fontenc 2021/04/29 v2.0v Standard LaTeX package
)
(/Users/mahesh/Library/Application Support/MiKTeX/texmfs/install/tex/latex/newt
x/newtxmath.sty
Package: newtxmath 2021/12/18 v1.7

`newtxmath' v1.7, 2021/12/18 Math macros based originally on txfonts (msharpe)
(/Library/Application Support/MiKTeX/texmfs/install/tex/latex/amsmath/amsmath.s
ty
Package: amsmath 2021/10/15 v2.17l AMS math features
\@mathmargin=\skip71

For additional information on amsmath, use the `?' option.

(/Library/Application Support/MiKTeX/texmfs/install/tex/latex/amsmath/amsbsy.st
y
Package: amsbsy 1999/11/29 v1.2d Bold Symbols
\pmbraise@=\dimen192
)
(/Library/Application Support/MiKTeX/texmfs/install/tex/latex/amsmath/amsopn.st
y
Package: amsopn 2021/08/26 v2.02 operator names
)
\inf@bad=\count305
LaTeX Info: Redefining \frac on input line 234.
\uproot@=\count306
\leftroot@=\count307
LaTeX Info: Redefining \overline on input line 399.
\classnum@=\count308
\DOTSCASE@=\count309
LaTeX Info: Redefining \ldots on input line 496.
LaTeX Info: Redefining \dots on input line 499.
LaTeX Info: Redefining \cdots on input line 620.
\Mathstrutbox@=\box66
\strutbox@=\box67
\big@size=\dimen193
LaTeX Font Info:    Redeclaring font encoding OML on input line 743.
LaTeX Font Info:    Redeclaring font encoding OMS on input line 744.
\macc@depth=\count310
\c@MaxMatrixCols=\count311
\dotsspace@=\muskip16
\c@parentequation=\count312
\dspbrk@lvl=\count313
\tag@help=\toks29
\row@=\count314
\column@=\count315
\maxfields@=\count316
\andhelp@=\toks30
\eqnshift@=\dimen194
\alignsep@=\dimen195
\tagshift@=\dimen196
\tagwidth@=\dimen197
\totwidth@=\dimen198
\lineht@=\dimen256
\@envbody=\toks31
\multlinegap=\skip72
\multlinetaggap=\skip73
\mathdisplay@stack=\toks32
LaTeX Info: Redefining \[ on input line 2938.
LaTeX Info: Redefining \] on input line 2939.
)
(/Library/Application Support/MiKTeX/texmfs/install/tex/latex/base/ifthen.sty
Package: ifthen 2020/11/24 v1.1c Standard LaTeX ifthen package (DPC)
)
(/Library/Application Support/MiKTeX/texmfs/install/tex/generic/iftex/ifxetex.s
ty
Package: ifxetex 2019/10/25 v0.7 ifxetex legacy package. Use iftex instead.
)
(/Library/Application Support/MiKTeX/texmfs/install/tex/generic/iftex/ifluatex.
sty
Package: ifluatex 2019/10/25 v1.5 ifluatex legacy package. Use iftex instead.
)
(/Library/Application Support/MiKTeX/texmfs/install/tex/latex/xkeyval/xkeyval.s
ty
Package: xkeyval 2020/11/20 v2.8 package option processing (HA)

(/Library/Application Support/MiKTeX/texmfs/install/tex/generic/xkeyval/xkeyval
.tex
(/Library/Application Support/MiKTeX/texmfs/install/tex/generic/xkeyval/xkvutil
s.tex
\XKV@toks=\toks33
\XKV@tempa@toks=\toks34
)
\XKV@depth=\count317
File: xkeyval.tex 2014/12/03 v2.7a key=value parser (HA)
))
(/Library/Application Support/MiKTeX/texmfs/install/tex/latex/oberdiek/centerno
t.sty
Package: centernot 2016/05/16 v1.4 Centers the not symbol horizontally (HO)
)
\tx@cntz=\count318

(/Users/mahesh/Library/Application Support/MiKTeX/texmfs/install/tex/generic/bi
nhex/binhex.tex)
\tx@Isdigit=\count319
\tx@IsAlNum=\count320
\tx@tA=\toks35
\tx@tB=\toks36
\tx@su=\read2

amsthm NOT loaded
LaTeX Font Info:    Redeclaring symbol font `operators' on input line 373.
LaTeX Font Info:    Overwriting symbol font `operators' in version `normal'
(Font)                  OT1/cmr/m/n --> OT1/cmr/m/n on input line 373.
LaTeX Font Info:    Overwriting symbol font `operators' in version `bold'
(Font)                  OT1/cmr/bx/n --> OT1/cmr/m/n on input line 373.
LaTeX Font Info:    Overwriting symbol font `operators' in version `bold'
(Font)                  OT1/cmr/m/n --> OT1/cmr/b/n on input line 374.
LaTeX Font Info:    Redeclaring math alphabet \mathsf on input line 380.
LaTeX Font Info:    Overwriting math alphabet `\mathsf' in version `normal'
(Font)                  OT1/cmss/m/n --> T1/cmss/m/n on input line 380.
LaTeX Font Info:    Overwriting math alphabet `\mathsf' in version `bold'
(Font)                  OT1/cmss/bx/n --> T1/cmss/m/n on input line 380.
LaTeX Font Info:    Redeclaring math alphabet \mathit on input line 381.
LaTeX Font Info:    Overwriting math alphabet `\mathit' in version `normal'
(Font)                  OT1/cmr/m/it --> OT1/cmr/m/it on input line 381.
LaTeX Font Info:    Overwriting math alphabet `\mathit' in version `bold'
(Font)                  OT1/cmr/bx/it --> OT1/cmr/m/it on input line 381.
LaTeX Font Info:    Redeclaring math alphabet \mathtt on input line 382.
LaTeX Font Info:    Overwriting math alphabet `\mathtt' in version `normal'
(Font)                  OT1/cmtt/m/n --> T1/cmtt/m/n on input line 382.
LaTeX Font Info:    Overwriting math alphabet `\mathtt' in version `bold'
(Font)                  OT1/cmtt/m/n --> T1/cmtt/m/n on input line 382.
LaTeX Font Info:    Redeclaring math alphabet \mathbf on input line 384.
LaTeX Font Info:    Overwriting math alphabet `\mathbf' in version `normal'
(Font)                  OT1/cmr/bx/n --> OT1/cmr/b/n on input line 384.
LaTeX Font Info:    Overwriting math alphabet `\mathbf' in version `bold'
(Font)                  OT1/cmr/bx/n --> OT1/cmr/b/n on input line 384.
LaTeX Font Info:    Overwriting math alphabet `\mathit' in version `bold'
(Font)                  OT1/cmr/m/it --> OT1/cmr/b/it on input line 385.
LaTeX Font Info:    Overwriting math alphabet `\mathsf' in version `bold'
(Font)                  T1/cmss/m/n --> T1/cmss/b/n on input line 386.
LaTeX Font Info:    Overwriting math alphabet `\mathtt' in version `bold'
(Font)                  T1/cmtt/m/n --> T1/cmtt/b/n on input line 387.
LaTeX Font Info:    Redeclaring symbol font `letters' on input line 488.
LaTeX Font Info:    Overwriting symbol font `letters' in version `normal'
(Font)                  OML/cmm/m/it --> OML/ntxmi/m/it on input line 488.
LaTeX Font Info:    Overwriting symbol font `letters' in version `bold'
(Font)                  OML/cmm/b/it --> OML/ntxmi/m/it on input line 488.
LaTeX Font Info:    Overwriting symbol font `letters' in version `bold'
(Font)                  OML/ntxmi/m/it --> OML/ntxmi/b/it on input line 489.
\symlettersA=\mathgroup6
LaTeX Font Info:    Overwriting symbol font `lettersA' in version `bold'
(Font)                  U/ntxmia/m/it --> U/ntxmia/b/it on input line 544.
LaTeX Font Info:    Redeclaring math alphabet \mathfrak on input line 546.
Now handling font encoding LMS ...
... no UTF-8 mapping file for font encoding LMS
LaTeX Font Info:    Redeclaring symbol font `symbols' on input line 565.
LaTeX Font Info:    Encoding `OMS' has changed to `LMS' for symbol font
(Font)              `symbols' in the math version `normal' on input line 565.
LaTeX Font Info:    Overwriting symbol font `symbols' in version `normal'
(Font)                  OMS/cmsy/m/n --> LMS/ntxsy/m/n on input line 565.
LaTeX Font Info:    Encoding `OMS' has changed to `LMS' for symbol font
(Font)              `symbols' in the math version `bold' on input line 565.
LaTeX Font Info:    Overwriting symbol font `symbols' in version `bold'
(Font)                  OMS/cmsy/b/n --> LMS/ntxsy/m/n on input line 565.
LaTeX Font Info:    Overwriting symbol font `symbols' in version `bold'
(Font)                  LMS/ntxsy/m/n --> LMS/ntxsy/b/n on input line 566.
\symAMSm=\mathgroup7
LaTeX Font Info:    Overwriting symbol font `AMSm' in version `bold'
(Font)                  U/ntxsym/m/n --> U/ntxsym/b/n on input line 591.
\symsymbolsC=\mathgroup8
LaTeX Font Info:    Overwriting symbol font `symbolsC' in version `bold'
(Font)                  U/ntxsyc/m/n --> U/ntxsyc/b/n on input line 612.
Now handling font encoding LMX ...
... no UTF-8 mapping file for font encoding LMX
LaTeX Font Info:    Redeclaring symbol font `largesymbols' on input line 625.
LaTeX Font Info:    Encoding `OMX' has changed to `LMX' for symbol font
(Font)              `largesymbols' in the math version `normal' on input line 6
25.
LaTeX Font Info:    Overwriting symbol font `largesymbols' in version `normal'
(Font)                  OMX/cmex/m/n --> LMX/ntxexx/m/n on input line 625.
LaTeX Font Info:    Encoding `OMX' has changed to `LMX' for symbol font
(Font)              `largesymbols' in the math version `bold' on input line 625
.
LaTeX Font Info:    Overwriting symbol font `largesymbols' in version `bold'
(Font)                  OMX/cmex/m/n --> LMX/ntxexx/m/n on input line 625.
LaTeX Font Info:    Overwriting symbol font `largesymbols' in version `bold'
(Font)                  LMX/ntxexx/m/n --> LMX/ntxexx/b/n on input line 626.
\symlargesymbolsTXA=\mathgroup9
LaTeX Font Info:    Overwriting symbol font `largesymbolsTXA' in version `bold'

(Font)                  U/ntxexa/m/n --> U/ntxexa/b/n on input line 640.
\tx@sbptoks=\toks37
LaTeX Font Info:    Redeclaring math delimiter \lfloor on input line 863.
LaTeX Font Info:    Redeclaring math delimiter \rfloor on input line 864.
LaTeX Font Info:    Redeclaring math delimiter \lceil on input line 865.
LaTeX Font Info:    Redeclaring math delimiter \rceil on input line 866.
LaTeX Font Info:    Redeclaring math delimiter \lbrace on input line 867.
LaTeX Font Info:    Redeclaring math delimiter \rbrace on input line 868.
LaTeX Font Info:    Redeclaring math delimiter \langle on input line 869.
LaTeX Font Info:    Redeclaring math delimiter \rangle on input line 871.
LaTeX Font Info:    Redeclaring math delimiter \arrowvert on input line 875.
LaTeX Font Info:    Redeclaring math delimiter \vert on input line 876.
LaTeX Font Info:    Redeclaring math accent \dot on input line 947.
LaTeX Font Info:    Redeclaring math accent \ddot on input line 948.
LaTeX Font Info:    Redeclaring math accent \vec on input line 2017.
LaTeX Info: Redefining \Bbbk on input line 2807.
LaTeX Info: Redefining \not on input line 2956.
)
(/Users/mahesh/Library/Application Support/MiKTeX/texmfs/install/tex/latex/newt
x/newtxtext.sty
Package: newtxtext 2022/01/11 v1.705(Michael Sharpe) latex and unicode latex su
pport for TeXGyreTermesX

`newtxtext' v1.705, 2022/01/11 Text macros taking advantage of TeXGyre Termes a
nd its extensions (msharpe)
(/Library/Application Support/MiKTeX/texmfs/install/tex/latex/base/fontenc.sty
Package: fontenc 2021/04/29 v2.0v Standard LaTeX package
)
(/Library/Application Support/MiKTeX/texmfs/install/tex/latex/base/textcomp.sty
Package: textcomp 2020/02/02 v2.0n Standard LaTeX package
)
(/Users/mahesh/Library/Application Support/MiKTeX/texmfs/install/tex/latex/xstr
ing/xstring.sty
(/Users/mahesh/Library/Application Support/MiKTeX/texmfs/install/tex/generic/xs
tring/xstring.tex
\integerpart=\count321
\decimalpart=\count322
)
Package: xstring 2021/07/21 v1.84 String manipulations (CT)
)
(/Users/mahesh/Library/Application Support/MiKTeX/texmfs/install/tex/latex/carl
isle/scalefnt.sty)
LaTeX Font Info:    Setting ntxLF sub-encoding to TS1/0 on input line 27.
LaTeX Font Info:    Setting ntxTLF sub-encoding to TS1/0 on input line 27.
LaTeX Font Info:    Setting ntxOsF sub-encoding to TS1/0 on input line 27.
LaTeX Font Info:    Setting ntxTOsF sub-encoding to TS1/0 on input line 27.

(/Users/mahesh/Library/Application Support/MiKTeX/texmfs/install/tex/generic/bi
nhex/binhex.tex)
\ntx@tmpcnta=\count323
\ntx@cnt=\count324

(/Users/mahesh/Library/Application Support/MiKTeX/texmfs/install/tex/latex/font
axes/fontaxes.sty
Package: fontaxes 2020/07/21 v1.0e Font selection axes
LaTeX Info: Redefining \upshape on input line 29.
LaTeX Info: Redefining \itshape on input line 31.
LaTeX Info: Redefining \slshape on input line 33.
LaTeX Info: Redefining \swshape on input line 35.
LaTeX Info: Redefining \scshape on input line 37.
LaTeX Info: Redefining \sscshape on input line 39.
LaTeX Info: Redefining \ulcshape on input line 41.
LaTeX Info: Redefining \textsw on input line 47.
LaTeX Info: Redefining \textssc on input line 48.
LaTeX Info: Redefining \textulc on input line 49.
)
LaTeX Info: Redefining \textsu on input line 541.
LaTeX Info: Redefining \oldstylenums on input line 631.
)
(/Users/mahesh/Library/Application Support/MiKTeX/texmfs/install/tex/latex/vmar
gin/vmargin.sty
Package: vmargin 2004/07/15 V2.5 set document margins (VK)

Package: vmargin 2004/07/15 V2.5 set document margins (VK)
\PaperWidth=\dimen257
\PaperHeight=\dimen258
)
(/Users/mahesh/Library/Application Support/MiKTeX/texmfs/install/tex/latex/libe
rtine/libertine.sty
Package: libertine 2020/03/26 (Bob Tennent) Supports Libertine and Biolinum fon
ts for all LaTeX engines.

(/Library/Application Support/MiKTeX/texmfs/install/tex/latex/base/fontenc.sty
Package: fontenc 2021/04/29 v2.0v Standard LaTeX package
LaTeX Font Info:    Trying to load font information for T1+ntxtlf on input line
 112.

(/Users/mahesh/Library/Application Support/MiKTeX/texmfs/install/tex/latex/newt
x/t1ntxtlf.fd
File: t1ntxtlf.fd 2021/05/24 v1.1 font definition file for T1/ntx/tlf
)
LaTeX Font Info:    Font shape `T1/ntxtlf/m/n' will be
(Font)              scaled to size 12.0pt on input line 112.
)
LaTeX Info: Redefining \textsu on input line 467.
LaTeX Info: Redefining \oldstylenums on input line 484.
LaTeX Info: Redefining \liningnums on input line 485.
LaTeX Info: Redefining \tabularnums on input line 515.
LaTeX Info: Redefining \proportionalnums on input line 516.

(/Users/mahesh/Library/Application Support/MiKTeX/texmfs/install/tex/latex/libe
rtine/LinLibertine_I.tex))
\chapheadtopskip=\skip74
\chapheadsep=\skip75
\chapheadbelowskip=\skip76

(/Users/mahesh/Library/Application Support/MiKTeX/texmfs/install/tex/latex/psnf
ss/helvet.sty
Package: helvet 2020/03/25 PSNFSS-v9.3 (WaS) 
)
(/Library/Application Support/MiKTeX/texmfs/install/tex/latex/hyperref/hyperref
.sty
Package: hyperref 2021-06-07 v7.00m Hypertext links for LaTeX

(/Users/mahesh/Library/Application Support/MiKTeX/texmfs/install/tex/generic/kv
definekeys/kvdefinekeys.sty
Package: kvdefinekeys 2019-12-19 v1.6 Define keys (HO)
)
(/Users/mahesh/Library/Application Support/MiKTeX/texmfs/install/tex/generic/pd
fescape/pdfescape.sty
Package: pdfescape 2019/12/09 v1.15 Implements pdfTeX's escape features (HO)
)
(/Users/mahesh/Library/Application Support/MiKTeX/texmfs/install/tex/latex/hyco
lor/hycolor.sty
Package: hycolor 2020-01-27 v1.10 Color options for hyperref/bookmark (HO)
)
(/Users/mahesh/Library/Application Support/MiKTeX/texmfs/install/tex/latex/auxh
ook/auxhook.sty
Package: auxhook 2019-12-17 v1.6 Hooks for auxiliary files (HO)
)
\@linkdim=\dimen259
\Hy@linkcounter=\count325
\Hy@pagecounter=\count326

(/Library/Application Support/MiKTeX/texmfs/install/tex/latex/hyperref/pd1enc.d
ef
File: pd1enc.def 2021-06-07 v7.00m Hyperref: PDFDocEncoding definition (HO)
Now handling font encoding PD1 ...
... no UTF-8 mapping file for font encoding PD1
)
(/Library/Application Support/MiKTeX/texmfs/install/tex/latex/hyperref/hyperref
-langpatches.def
File: hyperref-langpatches.def 2021-06-07 v7.00m Hyperref: patches for babel la
nguages
)
(/Users/mahesh/Library/Application Support/MiKTeX/texmfs/install/tex/generic/in
tcalc/intcalc.sty
Package: intcalc 2019/12/15 v1.3 Expandable calculations with integers (HO)
)
(/Users/mahesh/Library/Application Support/MiKTeX/texmfs/install/tex/generic/et
excmds/etexcmds.sty
Package: etexcmds 2019/12/15 v1.7 Avoid name clashes with e-TeX commands (HO)
)
\Hy@SavedSpaceFactor=\count327

(/Library/Application Support/MiKTeX/texmfs/install/tex/latex/hyperref/puenc.de
f
File: puenc.def 2021-06-07 v7.00m Hyperref: PDF Unicode definition (HO)
Now handling font encoding PU ...
... no UTF-8 mapping file for font encoding PU
)
Package hyperref Info: Hyper figures OFF on input line 4192.
Package hyperref Info: Link nesting OFF on input line 4197.
Package hyperref Info: Hyper index ON on input line 4200.
Package hyperref Info: Plain pages OFF on input line 4207.
Package hyperref Info: Backreferencing OFF on input line 4212.
Package hyperref Info: Implicit mode ON; LaTeX internals redefined.
Package hyperref Info: Bookmarks ON on input line 4445.
\c@Hy@tempcnt=\count328
 (/Library/Application Support/MiKTeX/texmfs/install/tex/latex/url/url.sty
\Urlmuskip=\muskip17
Package: url 2013/09/16  ver 3.4  Verb mode for urls, etc.
)
LaTeX Info: Redefining \url on input line 4804.
\XeTeXLinkMargin=\dimen260

(/Users/mahesh/Library/Application Support/MiKTeX/texmfs/install/tex/generic/bi
tset/bitset.sty
Package: bitset 2019/12/09 v1.3 Handle bit-vector datatype (HO)

(/Users/mahesh/Library/Application Support/MiKTeX/texmfs/install/tex/generic/bi
gintcalc/bigintcalc.sty
Package: bigintcalc 2019/12/15 v1.5 Expandable calculations on big integers (HO
)
))
\Fld@menulength=\count329
\Field@Width=\dimen261
\Fld@charsize=\dimen262
Package hyperref Info: Hyper figures OFF on input line 6076.
Package hyperref Info: Link nesting OFF on input line 6081.
Package hyperref Info: Hyper index ON on input line 6084.
Package hyperref Info: backreferencing OFF on input line 6091.
Package hyperref Info: Link coloring OFF on input line 6096.
Package hyperref Info: Link coloring with OCG OFF on input line 6101.
Package hyperref Info: PDF/A mode OFF on input line 6106.
LaTeX Info: Redefining \ref on input line 6146.
LaTeX Info: Redefining \pageref on input line 6150.

(/Library/Application Support/MiKTeX/texmfs/install/tex/latex/base/atbegshi-ltx
.sty
Package: atbegshi-ltx 2021/01/10 v1.0c Emulation of the original atbegshi
package with kernel methods
)
\Hy@abspage=\count330
\c@Item=\count331
\c@Hfootnote=\count332
)
Package hyperref Info: Driver (autodetected): hpdftex.

(/Library/Application Support/MiKTeX/texmfs/install/tex/latex/hyperref/hpdftex.
def
File: hpdftex.def 2021-06-07 v7.00m Hyperref driver for pdfTeX

(/Library/Application Support/MiKTeX/texmfs/install/tex/latex/base/atveryend-lt
x.sty
Package: atveryend-ltx 2020/08/19 v1.0a Emulation of the original atveryend pac
kage
with kernel methods
)
\Fld@listcount=\count333
\c@bookmark@seq@number=\count334

(/Users/mahesh/Library/Application Support/MiKTeX/texmfs/install/tex/latex/reru
nfilecheck/rerunfilecheck.sty
Package: rerunfilecheck 2019/12/05 v1.9 Rerun checks for auxiliary files (HO)

(/Users/mahesh/Library/Application Support/MiKTeX/texmfs/install/tex/generic/un
iquecounter/uniquecounter.sty
Package: uniquecounter 2019/12/15 v1.4 Provide unlimited unique counter (HO)
)
Package uniquecounter Info: New unique counter `rerunfilecheck' on input line 2
86.
)
\Hy@SectionHShift=\skip77
)
Package hyperref Info: Option `colorlinks' set `true' on input line 87.
Package hyperref Info: Option `breaklinks' set `true' on input line 87.

(/Users/mahesh/Library/Application Support/MiKTeX/texmfs/install/tex/latex/four
ier/fourier-orns.sty
Package: fourier-orns 2020/03/03 2.2 fourier-ornaments package
)

! LaTeX Error: Command \headrule undefined.

See the LaTeX manual or LaTeX Companion for explanation.
Type  H <return>  for immediate help.
 ...                                              
                                                  
l.93 \renewcommand\headrule
                           {\hrulefill
Try typing  <return>  to proceed.
If that doesn't work, type  X <return>  to quit.


! LaTeX Error: Command \comm already defined.
               Or name \end... illegal, see p.192 of the manual.

See the LaTeX manual or LaTeX Companion for explanation.
Type  H <return>  for immediate help.
 ...                                              
                                                  
l.98 \lhead{\emph{Maheshwor Tiwari}}}
                                     
Your command was ignored.
Type  I <command> <return>  to replace it with another command,
or  <return>  to continue without it.


(/Users/mahesh/Library/Application Support/MiKTeX/texmfs/install/tex/latex/apac
ite/apacite.sty
Package: apacite 2013/07/21 v6.03 APA citation
\c@BibCnt=\count335
\bibleftmargin=\skip78
\bibindent=\skip79
\bibparsep=\skip80
\bibitemsep=\skip81
\biblabelsep=\skip82
)
Package translations Info: No language package found. I am going to use `englis
h' as default language. on input line 108.
LaTeX Font Info:    Trying to load font information for T1+phv on input line 10
8.

(/Users/mahesh/Library/Application Support/MiKTeX/texmfs/install/tex/latex/psnf
ss/t1phv.fd
File: t1phv.fd 2020/03/25 scalable font definitions for T1/phv.
) (data_visualization_report.aux

LaTeX Warning: Label `fig ' multiply defined.


LaTeX Warning: Label `fig ' multiply defined.


LaTeX Warning: Label `fig ' multiply defined.


LaTeX Warning: Label `fig ' multiply defined.


LaTeX Warning: Label `fig ' multiply defined.


LaTeX Warning: Label `fig ' multiply defined.


LaTeX Warning: Label `fig ' multiply defined.


LaTeX Warning: Label `fig ' multiply defined.


LaTeX Warning: Label `fig ' multiply defined.


LaTeX Warning: Label `fig ' multiply defined.


LaTeX Warning: Label `fig ' multiply defined.


LaTeX Warning: Label `fig ' multiply defined.

)
\openout1 = `data_visualization_report.aux'.

LaTeX Font Info:    Checking defaults for OML/ntxmi/m/it on input line 108.
LaTeX Font Info:    Trying to load font information for OML+ntxmi on input line
 108.

(/Users/mahesh/Library/Application Support/MiKTeX/texmfs/install/tex/latex/newt
x/omlntxmi.fd
File: omlntxmi.fd 2015/08/25 Fontinst v1.933 font definitions for OML/ntxmi.
)
LaTeX Font Info:    ... okay on input line 108.
LaTeX Font Info:    Checking defaults for OMS/cmsy/m/n on input line 108.
LaTeX Font Info:    ... okay on input line 108.
LaTeX Font Info:    Checking defaults for OT1/cmr/m/n on input line 108.
LaTeX Font Info:    ... okay on input line 108.
LaTeX Font Info:    Checking defaults for T1/cmr/m/n on input line 108.
LaTeX Font Info:    ... okay on input line 108.
LaTeX Font Info:    Checking defaults for TS1/cmr/m/n on input line 108.
LaTeX Font Info:    ... okay on input line 108.
LaTeX Font Info:    Checking defaults for OMX/cmex/m/n on input line 108.
LaTeX Font Info:    ... okay on input line 108.
LaTeX Font Info:    Checking defaults for U/ntxexa/m/n on input line 108.
LaTeX Font Info:    Trying to load font information for U+ntxexa on input line 
108.

(/Users/mahesh/Library/Application Support/MiKTeX/texmfs/install/tex/latex/newt
x/untxexa.fd
File: untxexa.fd 2012/04/16 Fontinst v1.933 font definitions for U/ntxexa.
)
LaTeX Font Info:    ... okay on input line 108.
LaTeX Font Info:    Checking defaults for LMS/ntxsy/m/n on input line 108.
LaTeX Font Info:    Trying to load font information for LMS+ntxsy on input line
 108.

(/Users/mahesh/Library/Application Support/MiKTeX/texmfs/install/tex/latex/newt
x/lmsntxsy.fd
File: lmsntxsy.fd 2016/07/02 Fontinst v1.933 font definitions for LMS/ntxsy.
)
LaTeX Font Info:    ... okay on input line 108.
LaTeX Font Info:    Checking defaults for LMX/ntxexx/m/n on input line 108.
LaTeX Font Info:    Trying to load font information for LMX+ntxexx on input lin
e 108.

(/Users/mahesh/Library/Application Support/MiKTeX/texmfs/install/tex/latex/newt
x/lmxntxexx.fd
File: lmxntxexx.fd 2016/07/03 Fontinst v1.933 font definitions for LMX/ntxexx.
)
LaTeX Font Info:    ... okay on input line 108.
LaTeX Font Info:    Checking defaults for PD1/pdf/m/n on input line 108.
LaTeX Font Info:    ... okay on input line 108.
LaTeX Font Info:    Checking defaults for PU/pdf/m/n on input line 108.
LaTeX Font Info:    ... okay on input line 108.
Package caption Info: Begin \AtBeginDocument code.
Package caption Info: subfig package v1.3 is loaded.
Package caption Info: hyperref package is loaded.
Package caption Info: End \AtBeginDocument code.

(/Users/mahesh/Library/Application Support/MiKTeX/texmfs/install/tex/latex/floa
trow/fr-subfig.sty
Package: fr-subfig 2007/12/24 v0.1g (beta) floatrow: additions for subfig
\FBsc@max=\skip83
\FBso@max=\skip84
)
(/Library/Application Support/MiKTeX/texmfs/install/tex/context/base/mkii/supp-
pdf.mkii
[Loading MPS to PDF converter (version 2006.09.02).]
\scratchcounter=\count336
\scratchdimen=\dimen263
\scratchbox=\box68
\nofMPsegments=\count337
\nofMParguments=\count338
\everyMPshowfont=\toks38
\MPscratchCnt=\count339
\MPscratchDim=\dimen264
\MPnumerator=\count340
\makeMPintoPDFobject=\count341
\everyMPtoPDFconversion=\toks39
)
(/Library/Application Support/MiKTeX/texmfs/install/tex/latex/epstopdf-pkg/epst
opdf-base.sty
Package: epstopdf-base 2020-01-24 v2.11 Base part for package epstopdf
Package epstopdf-base Info: Redefining graphics rule for `.eps' on input line 4
85.

(/Library/Application Support/MiKTeX/texmfs/install/tex/latex/00miktex/epstopdf
-sys.cfg
File: epstopdf-sys.cfg 2021/03/18 v2.0 Configuration of epstopdf for MiKTeX
))
(/Users/mahesh/Library/Application Support/MiKTeX/texmfs/install/tex/latex/tran
slations/dicts/translations-basic-dictionary-english.trsl
File: translations-basic-dictionary-english.trsl (english translation file `tra
nslations-basic-dictionary')
)
Package translations Info: loading dictionary `translations-basic-dictionary' f
or `english'. on input line 108.

*geometry* driver: auto-detecting
*geometry* detected driver: pdftex
*geometry* verbose mode - [ preamble ] result:
* driver: pdftex
* paper: a4paper
* layout: <same size as paper>
* layoutoffset:(h,v)=(0.0pt,0.0pt)
* modes: 
* h-part:(L,W,R)=(56.9055pt, 483.69687pt, 56.9055pt)
* v-part:(T,H,B)=(56.9055pt, 731.23584pt, 56.9055pt)
* \paperwidth=598.14806pt
* \paperheight=845.90042pt
* \textwidth=484.33705pt
* \textheight=693.63667pt
* \oddsidemargin=56.9055pt
* \evensidemargin=56.9055pt
* \topmargin=56.9055pt
* \headheight=10.0pt
* \headsep=28.45274pt
* \topskip=12.0pt
* \footskip=0.0pt
* \marginparwidth=35.0pt
* \marginparsep=10.0pt
* \columnsep=10.0pt
* \skip\footins=10.8pt plus 4.0pt minus 2.0pt
* \hoffset=-72.26999pt
* \voffset=-72.26999pt
* \mag=1000
* \@twocolumnfalse
* \@twosidefalse
* \@mparswitchfalse
* \@reversemarginfalse
* (1in=72.27pt=25.4mm, 1cm=28.453pt)

\c@mv@tabular=\count342
\c@mv@boldtabular=\count343
Package hyperref Info: Link coloring ON on input line 108.

(/Library/Application Support/MiKTeX/texmfs/install/tex/latex/hyperref/nameref.
sty
Package: nameref 2021-04-02 v2.47 Cross-referencing by name of section

(/Users/mahesh/Library/Application Support/MiKTeX/texmfs/install/tex/latex/refc
ount/refcount.sty
Package: refcount 2019/12/15 v3.6 Data extraction from label references (HO)
)
(/Users/mahesh/Library/Application Support/MiKTeX/texmfs/install/tex/generic/ge
ttitlestring/gettitlestring.sty
Package: gettitlestring 2019/12/15 v1.6 Cleanup title references (HO)
)
\c@section@level=\count344
)
LaTeX Info: Redefining \ref on input line 108.
LaTeX Info: Redefining \pageref on input line 108.
LaTeX Info: Redefining \nameref on input line 108.
 (data_visualization_report.out)
(data_visualization_report.out)
\@outlinefile=\write3
\openout3 = `data_visualization_report.out'.

\c@maskedRefs=\count345

(/Users/mahesh/Library/Application Support/MiKTeX/texmfs/install/tex/latex/apac
ite/english.apc
File: english.apc 2013/07/21 v6.03 apacite language file
LaTeX Info: Redefining \BPBI on input line 129.
LaTeX Info: Redefining \BHBI on input line 130.
)

! LaTeX Error: Command \comm already defined.
               Or name \end... illegal, see p.192 of the manual.

See the LaTeX manual or LaTeX Companion for explanation.
Type  H <return>  for immediate help.
 ...                                              
                                                  
l.165 \end{titlepage}}
                      
Your command was ignored.
Type  I <command> <return>  to replace it with another command,
or  <return>  to continue without it.


! Package floatrow Error: Undefined float style `simple'.

See the floatrow package documentation for explanation.
Type  H <return>  for immediate help.
 ...                                              
                                                  
l.166 \begin{figure}
                    [t]
If you do not understand this error, please take look
at `floatrow' and `caption' package documentations.
Try typing  <return>  to proceed.
If that doesn't work, type  X <return>  to quit.

<tittle.png, id=163, 357.335pt x 482.80376pt>
File: tittle.png Graphic file (type png)
<use tittle.png>
Package pdftex.def Info: tittle.png  used on input line 168.
(pdftex.def)             Requested size: 484.33705pt x 654.43854pt.
[1{/Users/mahesh/Library/Application Support/MiKTeX/texmfs/data/fonts/map/pdfte
x/pdftex.map} <./tittle.png>]
! Undefined control sequence.
l.175 \dominitoc
                
The control sequence at the end of the top line
of your error message was never \def'ed. If you have
misspelled it (e.g., `\hobx'), type `I' and the correct
spelling (e.g., `I\hbox'). Otherwise just continue,
and I'll forget about whatever was undefined.


! LaTeX Error: Command \comm already defined.
               Or name \end... illegal, see p.192 of the manual.

See the LaTeX manual or LaTeX Companion for explanation.
Type  H <return>  for immediate help.
 ...                                              
                                                  
l.179 \newcommand{\comm}[1]{ }
                              
Your command was ignored.
Type  I <command> <return>  to replace it with another command,
or  <return>  to continue without it.

(data_visualization_report.toc
LaTeX Font Info:    Trying to load font information for U+msa on input line 6.

(/Library/Application Support/MiKTeX/texmfs/install/tex/latex/amsfonts/umsa.fd
File: umsa.fd 2013/01/14 v3.01 AMS symbols A
)
LaTeX Font Info:    Trying to load font information for U+msb on input line 6.
(/Library/Application Support/MiKTeX/texmfs/install/tex/latex/amsfonts/umsb.fd
File: umsb.fd 2013/01/14 v3.01 AMS symbols B
)
LaTeX Font Info:    Trying to load font information for U+ntxmia on input line 
6.

(/Users/mahesh/Library/Application Support/MiKTeX/texmfs/install/tex/latex/newt
x/untxmia.fd
File: untxmia.fd 2018/04/14 Fontinst v1.933 font definitions for U/ntxmia.
)
LaTeX Font Info:    Trying to load font information for U+ntxsym on input line 
6.

(/Users/mahesh/Library/Application Support/MiKTeX/texmfs/install/tex/latex/newt
x/untxsym.fd
File: untxsym.fd 2015/03/20 Fontinst v1.933 font definitions for U/ntxsym.
)
LaTeX Font Info:    Trying to load font information for U+ntxsyc on input line 
6.

(/Users/mahesh/Library/Application Support/MiKTeX/texmfs/install/tex/latex/newt
x/untxsyc.fd
File: untxsyc.fd 2012/04/12 Fontinst v1.933 font definitions for U/ntxsyc.
)
pdfTeX warning (ext4): destination with the same identifier (name{page.1}) has 
been already used, duplicate ignored
<to be read again> 
                   \relax 
l.27 ...numberline {11}Key Points}{23}{section.11}
                                                  % [1


])
\tf@toc=\write4
\openout4 = `data_visualization_report.toc'.

 [2]

! LaTeX Error: Command \comm already defined.
               Or name \end... illegal, see p.192 of the manual.

See the LaTeX manual or LaTeX Companion for explanation.
Type  H <return>  for immediate help.
 ...                                              
                                                  
l.185 \newcommand{\comm}[1]{ }
                              
Your command was ignored.
Type  I <command> <return>  to replace it with another command,
or  <return>  to continue without it.


! LaTeX Error: Can be used only in preamble.

See the LaTeX manual or LaTeX Companion for explanation.
Type  H <return>  for immediate help.
 ...                                              
                                                  
l.192 \begin{document}
                      
Your command was ignored.
Type  I <command> <return>  to replace it with another command,
or  <return>  to continue without it.

(data_visualization_report.lof
pdfTeX warning (ext4): destination with the same identifier (name{page.1}) has 
been already used, duplicate ignored
<to be read again> 
                   \relax 
l.32 ...sor Output\relax }}{27}{figure.caption.32}
                                                  % [1

])
\tf@lof=\write5
\openout5 = `data_visualization_report.lof'.


pdfTeX warning (ext4): destination with the same identifier (name{page.2}) has 
been already used, duplicate ignored
<to be read again> 
                   \relax 
l.198 \clearpage
                 [2] [3

]
Overfull \hbox (2.21155pt too wide) in paragraph at lines 215--215
[]\T1/phv/b/n/17.28 Top 10 Most Fre-quently Oc-cur-ring En-tries in Var-i-ous C
ol-
 []


! Package floatrow Error: Undefined float style `simple'.

See the floatrow package documentation for explanation.
Type  H <return>  for immediate help.
 ...                                              
                                                  
l.218 \begin{figure}
                    [h]
If you do not understand this error, please take look
at `floatrow' and `caption' package documentations.
Try typing  <return>  to proceed.
If that doesn't work, type  X <return>  to quit.

<top_10_subject.png, id=306, 867.24pt x 578.16pt>
File: top_10_subject.png Graphic file (type png)
<use top_10_subject.png>
Package pdftex.def Info: top_10_subject.png  used on input line 220.
(pdftex.def)             Requested size: 387.47112pt x 258.31697pt.

LaTeX Warning: `h' float specifier changed to `ht'.


! Package floatrow Error: Undefined float style `simple'.

See the floatrow package documentation for explanation.
Type  H <return>  for immediate help.
 ...                                              
                                                  
l.229 \begin{figure}
                    [h!]
If you do not understand this error, please take look
at `floatrow' and `caption' package documentations.
Try typing  <return>  to proceed.
If that doesn't work, type  X <return>  to quit.

<top_10_Journal.png, id=308, 867.24pt x 578.16pt>
File: top_10_Journal.png Graphic file (type png)
<use top_10_Journal.png>
Package pdftex.def Info: top_10_Journal.png  used on input line 231.
(pdftex.def)             Requested size: 387.47112pt x 258.31697pt.

LaTeX Warning: `!h' float specifier changed to `!ht'.

[4] [5 <./top_10_subject.png> <./top_10_Journal.png>]

! Package floatrow Error: Undefined float style `simple'.

See the floatrow package documentation for explanation.
Type  H <return>  for immediate help.
 ...                                              
                                                  
l.239 \begin{figure}
                    [h!]
If you do not understand this error, please take look
at `floatrow' and `caption' package documentations.
Try typing  <return>  to proceed.
If that doesn't work, type  X <return>  to quit.

<top_10_Publisher.png, id=321, 867.24pt x 578.16pt>
File: top_10_Publisher.png Graphic file (type png)
<use top_10_Publisher.png>
Package pdftex.def Info: top_10_Publisher.png  used on input line 241.
(pdftex.def)             Requested size: 387.47112pt x 258.31697pt.

! Package floatrow Error: Undefined float style `simple'.

See the floatrow package documentation for explanation.
Type  H <return>  for immediate help.
 ...                                              
                                                  
l.249 \begin{figure}
                    [h!]
If you do not understand this error, please take look
at `floatrow' and `caption' package documentations.
Try typing  <return>  to proceed.
If that doesn't work, type  X <return>  to quit.

<top_10_Country.png, id=323, 867.24pt x 578.16pt>
File: top_10_Country.png Graphic file (type png)
<use top_10_Country.png>
Package pdftex.def Info: top_10_Country.png  used on input line 251.
(pdftex.def)             Requested size: 387.47112pt x 258.31697pt.

LaTeX Warning: `!h' float specifier changed to `!ht'.

[6 <./top_10_Publisher.png>]

! Package floatrow Error: Undefined float style `simple'.

See the floatrow package documentation for explanation.
Type  H <return>  for immediate help.
 ...                                              
                                                  
l.259 \begin{figure}
                    [h!]
If you do not understand this error, please take look
at `floatrow' and `caption' package documentations.
Try typing  <return>  to proceed.
If that doesn't work, type  X <return>  to quit.

<top_10_ArticleType.png, id=330, 867.24pt x 578.16pt>
File: top_10_ArticleType.png Graphic file (type png)
<use top_10_ArticleType.png>
Package pdftex.def Info: top_10_ArticleType.png  used on input line 261.
(pdftex.def)             Requested size: 387.47112pt x 258.31697pt.

LaTeX Warning: `!h' float specifier changed to `!ht'.


! Package floatrow Error: Undefined float style `simple'.

See the floatrow package documentation for explanation.
Type  H <return>  for immediate help.
 ...                                              
                                                  
l.269 \begin{figure}
                    [h!]
If you do not understand this error, please take look
at `floatrow' and `caption' package documentations.
Try typing  <return>  to proceed.
If that doesn't work, type  X <return>  to quit.

<top_10_Reason.png, id=332, 867.24pt x 578.16pt>
File: top_10_Reason.png Graphic file (type png)
<use top_10_Reason.png>
Package pdftex.def Info: top_10_Reason.png  used on input line 271.
(pdftex.def)             Requested size: 387.47112pt x 258.31697pt.

LaTeX Warning: `!h' float specifier changed to `!ht'.

[7 <./top_10_Country.png>]

! Package floatrow Error: Undefined float style `simple'.

See the floatrow package documentation for explanation.
Type  H <return>  for immediate help.
 ...                                              
                                                  
l.279 \begin{figure}
                    [h!]
If you do not understand this error, please take look
at `floatrow' and `caption' package documentations.
Try typing  <return>  to proceed.
If that doesn't work, type  X <return>  to quit.

<top_10_Author.png, id=339, 867.24pt x 578.16pt>
File: top_10_Author.png Graphic file (type png)
<use top_10_Author.png>
Package pdftex.def Info: top_10_Author.png  used on input line 281.
(pdftex.def)             Requested size: 387.47112pt x 258.31697pt.
[8 <./top_10_ArticleType.png> <./top_10_Reason.png>]

! Package floatrow Error: Undefined float style `simple'.

See the floatrow package documentation for explanation.
Type  H <return>  for immediate help.
 ...                                              
                                                  
l.289 \begin{figure}
                    [h!]
If you do not understand this error, please take look
at `floatrow' and `caption' package documentations.
Try typing  <return>  to proceed.
If that doesn't work, type  X <return>  to quit.

<top_10_Paywalled.png, id=347, 867.24pt x 578.16pt>
File: top_10_Paywalled.png Graphic file (type png)
<use top_10_Paywalled.png>
Package pdftex.def Info: top_10_Paywalled.png  used on input line 291.
(pdftex.def)             Requested size: 387.47112pt x 258.31697pt.

LaTeX Warning: `!h' float specifier changed to `!ht'.

[9 <./top_10_Author.png>] [10 <./top_10_Paywalled.png>]

! Package floatrow Error: Undefined float style `simple'.

See the floatrow package documentation for explanation.
Type  H <return>  for immediate help.
 ...                                              
                                                  
l.302 \begin{figure}
                    [h!]
If you do not understand this error, please take look
at `floatrow' and `caption' package documentations.
Try typing  <return>  to proceed.
If that doesn't work, type  X <return>  to quit.

<world_map_frequencies.pdf, id=360, 1204.5pt x 903.375pt>
File: world_map_frequencies.pdf Graphic file (type pdf)
<use world_map_frequencies.pdf>
Package pdftex.def Info: world_map_frequencies.pdf  used on input line 304.
(pdftex.def)             Requested size: 484.33705pt x 363.25963pt.

! Package floatrow Error: Undefined float style `simple'.

See the floatrow package documentation for explanation.
Type  H <return>  for immediate help.
 ...                                              
                                                  
l.313 \begin{figure}
                    [h!]
If you do not understand this error, please take look
at `floatrow' and `caption' package documentations.
Try typing  <return>  to proceed.
If that doesn't work, type  X <return>  to quit.

<network_graph_Reason.png, id=361, 1445.4pt x 1445.4pt>
File: network_graph_Reason.png Graphic file (type png)
<use network_graph_Reason.png>
Package pdftex.def Info: network_graph_Reason.png  used on input line 315.
(pdftex.def)             Requested size: 387.47112pt x 387.46223pt.

LaTeX Warning: `!h' float specifier changed to `!ht'.

[11

 <./world_map_frequencies.pdf>]

! Package floatrow Error: Undefined float style `simple'.

See the floatrow package documentation for explanation.
Type  H <return>  for immediate help.
 ...                                              
                                                  
l.323 \begin{figure}
                    [h!]
If you do not understand this error, please take look
at `floatrow' and `caption' package documentations.
Try typing  <return>  to proceed.
If that doesn't work, type  X <return>  to quit.

<network_graph_Country.png, id=392, 1445.4pt x 1445.4pt>
File: network_graph_Country.png Graphic file (type png)
<use network_graph_Country.png>
Package pdftex.def Info: network_graph_Country.png  used on input line 325.
(pdftex.def)             Requested size: 387.47112pt x 387.46223pt.

LaTeX Warning: `!h' float specifier changed to `!ht'.

[12 <./network_graph_Reason.png>]

! Package floatrow Error: Undefined float style `simple'.

See the floatrow package documentation for explanation.
Type  H <return>  for immediate help.
 ...                                              
                                                  
l.333 \begin{figure}
                    [h!]
If you do not understand this error, please take look
at `floatrow' and `caption' package documentations.
Try typing  <return>  to proceed.
If that doesn't work, type  X <return>  to quit.

<distribution_analysis.png, id=399, 1084.05pt x 722.7pt>
File: distribution_analysis.png Graphic file (type png)
<use distribution_analysis.png>
Package pdftex.def Info: distribution_analysis.png  used on input line 335.
(pdftex.def)             Requested size: 484.33705pt x 322.8852pt.

LaTeX Warning: `!h' float specifier changed to `!ht'.

[13 <./network_graph_Country.png>]

! Package floatrow Error: Undefined float style `simple'.

See the floatrow package documentation for explanation.
Type  H <return>  for immediate help.
 ...                                              
                                                  
l.341 \begin{figure}
                    [h!]
If you do not understand this error, please take look
at `floatrow' and `caption' package documentations.
Try typing  <return>  to proceed.
If that doesn't work, type  X <return>  to quit.

<box_plots.png, id=405, 1084.05pt x 722.7pt>
File: box_plots.png Graphic file (type png)
<use box_plots.png>
Package pdftex.def Info: box_plots.png  used on input line 343.
(pdftex.def)             Requested size: 484.33705pt x 322.8852pt.

LaTeX Warning: `!h' float specifier changed to `!ht'.

[14 <./distribution_analysis.png>] [15 <./box_plots.png>]

! Package floatrow Error: Undefined float style `simple'.

See the floatrow package documentation for explanation.
Type  H <return>  for immediate help.
 ...                                              
                                                  
l.353 \begin{figure}
                    [h!]
If you do not understand this error, please take look
at `floatrow' and `caption' package documentations.
Try typing  <return>  to proceed.
If that doesn't work, type  X <return>  to quit.

<correlation_matrix_heatmap.png, id=416, 722.7pt x 578.16pt>
File: correlation_matrix_heatmap.png Graphic file (type png)
<use correlation_matrix_heatmap.png>
Package pdftex.def Info: correlation_matrix_heatmap.png  used on input line 355
.
(pdftex.def)             Requested size: 387.47112pt x 309.9786pt.

! Package floatrow Error: Undefined float style `simple'.

See the floatrow package documentation for explanation.
Type  H <return>  for immediate help.
 ...                                              
                                                  
l.366 \begin{figure}
                    [h!]
If you do not understand this error, please take look
at `floatrow' and `caption' package documentations.
Try typing  <return>  to proceed.
If that doesn't work, type  X <return>  to quit.

<publications_retractions_over_time.png, id=417, 722.7pt x 361.35pt>
File: publications_retractions_over_time.png Graphic file (type png)
<use publications_retractions_over_time.png>
Package pdftex.def Info: publications_retractions_over_time.png  used on input 
line 368.
(pdftex.def)             Requested size: 387.47112pt x 193.73663pt.

LaTeX Warning: `!h' float specifier changed to `!ht'.


! Package floatrow Error: Undefined float style `simple'.

See the floatrow package documentation for explanation.
Type  H <return>  for immediate help.
 ...                                              
                                                  
l.374 \begin{figure}
                    [h!]
If you do not understand this error, please take look
at `floatrow' and `caption' package documentations.
Try typing  <return>  to proceed.
If that doesn't work, type  X <return>  to quit.

<publications_retractions_recent_years.png, id=418, 722.7pt x 361.35pt>
File: publications_retractions_recent_years.png Graphic file (type png)
<use publications_retractions_recent_years.png>
Package pdftex.def Info: publications_retractions_recent_years.png  used on inp
ut line 376.
(pdftex.def)             Requested size: 387.47112pt x 193.73663pt.

LaTeX Warning: `!h' float specifier changed to `!ht'.


Underfull \hbox (badness 3746) in paragraph at lines 393--393
[]|\T1/phv/m/n/12 The num-ber of re-trac-tions jumps
 []

[16 <./correlation_matrix_heatmap.png>] [17 <./publications_retractions_over_ti
me.png> <./publications_retractions_recent_years.png>] [18]

! Package floatrow Error: Undefined float style `simple'.

See the floatrow package documentation for explanation.
Type  H <return>  for immediate help.
 ...                                              
                                                  
l.404 \begin{figure}
                    [t]
If you do not understand this error, please take look
at `floatrow' and `caption' package documentations.
Try typing  <return>  to proceed.
If that doesn't work, type  X <return>  to quit.

<time_series_Subject.png, id=436, 867.24pt x 433.62pt>
File: time_series_Subject.png Graphic file (type png)
<use time_series_Subject.png>
Package pdftex.def Info: time_series_Subject.png  used on input line 406.
(pdftex.def)             Requested size: 387.47112pt x 193.73773pt.

! Package floatrow Error: Undefined float style `simple'.

See the floatrow package documentation for explanation.
Type  H <return>  for immediate help.
 ...                                              
                                                  
l.416 \begin{figure}
                    [h!]
If you do not understand this error, please take look
at `floatrow' and `caption' package documentations.
Try typing  <return>  to proceed.
If that doesn't work, type  X <return>  to quit.

<time_series_Journal.png, id=438, 867.24pt x 433.62pt>
File: time_series_Journal.png Graphic file (type png)
<use time_series_Journal.png>
Package pdftex.def Info: time_series_Journal.png  used on input line 418.
(pdftex.def)             Requested size: 387.47112pt x 193.73773pt.

LaTeX Warning: `!h' float specifier changed to `!ht'.

[19

 <./time_series_Subject.png>]

! Package floatrow Error: Undefined float style `simple'.

See the floatrow package documentation for explanation.
Type  H <return>  for immediate help.
 ...                                              
                                                  
l.428 \begin{figure}
                    [h!]
If you do not understand this error, please take look
at `floatrow' and `caption' package documentations.
Try typing  <return>  to proceed.
If that doesn't work, type  X <return>  to quit.

<time_series_Author.png, id=445, 867.24pt x 433.62pt>
File: time_series_Author.png Graphic file (type png)
<use time_series_Author.png>
Package pdftex.def Info: time_series_Author.png  used on input line 430.
(pdftex.def)             Requested size: 387.47112pt x 193.73773pt.

! Package floatrow Error: Undefined float style `simple'.

See the floatrow package documentation for explanation.
Type  H <return>  for immediate help.
 ...                                              
                                                  
l.440 \begin{figure}
                    [t]
If you do not understand this error, please take look
at `floatrow' and `caption' package documentations.
Try typing  <return>  to proceed.
If that doesn't work, type  X <return>  to quit.

<time_series_Publisher.png, id=447, 867.24pt x 433.62pt>
File: time_series_Publisher.png Graphic file (type png)
<use time_series_Publisher.png>
Package pdftex.def Info: time_series_Publisher.png  used on input line 442.
(pdftex.def)             Requested size: 387.47112pt x 193.73773pt.
[20 <./time_series_Journal.png> <./time_series_Author.png>]

! Package floatrow Error: Undefined float style `simple'.

See the floatrow package documentation for explanation.
Type  H <return>  for immediate help.
 ...                                              
                                                  
l.452 \begin{figure}
                    [t]
If you do not understand this error, please take look
at `floatrow' and `caption' package documentations.
Try typing  <return>  to proceed.
If that doesn't work, type  X <return>  to quit.

<time_series_Country.png, id=455, 867.24pt x 433.62pt>
File: time_series_Country.png Graphic file (type png)
<use time_series_Country.png>
Package pdftex.def Info: time_series_Country.png  used on input line 454.
(pdftex.def)             Requested size: 387.47112pt x 193.73773pt.
[21 <./time_series_Publisher.png> <./time_series_Country.png>]

! Package floatrow Error: Undefined float style `simple'.

See the floatrow package documentation for explanation.
Type  H <return>  for immediate help.
 ...                                              
                                                  
l.464 \begin{figure}
                    [t]
If you do not understand this error, please take look
at `floatrow' and `caption' package documentations.
Try typing  <return>  to proceed.
If that doesn't work, type  X <return>  to quit.

<time_series_ArticleType.png, id=463, 867.24pt x 433.62pt>
File: time_series_ArticleType.png Graphic file (type png)
<use time_series_ArticleType.png>
Package pdftex.def Info: time_series_ArticleType.png  used on input line 466.
(pdftex.def)             Requested size: 387.47112pt x 193.73773pt.

! Package floatrow Error: Undefined float style `simple'.

See the floatrow package documentation for explanation.
Type  H <return>  for immediate help.
 ...                                              
                                                  
l.476 \begin{figure}
                    [h!]
If you do not understand this error, please take look
at `floatrow' and `caption' package documentations.
Try typing  <return>  to proceed.
If that doesn't work, type  X <return>  to quit.

<time_series_Reason.png, id=465, 867.24pt x 433.62pt>
File: time_series_Reason.png Graphic file (type png)
<use time_series_Reason.png>
Package pdftex.def Info: time_series_Reason.png  used on input line 478.
(pdftex.def)             Requested size: 387.47112pt x 193.73773pt.

LaTeX Warning: `!h' float specifier changed to `!ht'.

[22 <./time_series_ArticleType.png>] [23 <./time_series_Reason.png>]

! Package floatrow Error: Undefined float style `simple'.

See the floatrow package documentation for explanation.
Type  H <return>  for immediate help.
 ...                                              
                                                  
l.490 \begin{figure}
                    [t]
If you do not understand this error, please take look
at `floatrow' and `caption' package documentations.
Try typing  <return>  to proceed.
If that doesn't work, type  X <return>  to quit.

<retractions_and_citations_ArticleType.png, id=478, 1011.78pt x 578.16pt>
File: retractions_and_citations_ArticleType.png Graphic file (type png)
<use retractions_and_citations_ArticleType.png>
Package pdftex.def Info: retractions_and_citations_ArticleType.png  used on inp
ut line 494.
(pdftex.def)             Requested size: 232.4797pt x 132.84166pt.
<retractions_and_citations_Journal.png, id=479, 1011.78pt x 578.16pt>
File: retractions_and_citations_Journal.png Graphic file (type png)
<use retractions_and_citations_Journal.png>
Package pdftex.def Info: retractions_and_citations_Journal.png  used on input l
ine 501.
(pdftex.def)             Requested size: 232.4797pt x 132.84166pt.

! Package floatrow Error: Caption(s) lost.

See the floatrow package documentation for explanation.
Type  H <return>  for immediate help.
 ...                                              
                                                  
l.502 ...ion{Retractions and Citations by Journal}
                                                  
If you do not understand this error, please take look
at `floatrow' and `caption' package documentations.
Try typing  <return>  to proceed.
If that doesn't work, type  X <return>  to quit.

<retractions_and_citations_Publisher.png, id=480, 1011.78pt x 578.16pt>
File: retractions_and_citations_Publisher.png Graphic file (type png)
<use retractions_and_citations_Publisher.png>
Package pdftex.def Info: retractions_and_citations_Publisher.png  used on input
 line 508.
(pdftex.def)             Requested size: 232.4797pt x 132.84166pt.

! Package floatrow Error: Caption(s) lost.

See the floatrow package documentation for explanation.
Type  H <return>  for immediate help.
 ...                                              
                                                  
l.509 ...n{Retractions and Citations by Publisher}
                                                  
If you do not understand this error, please take look
at `floatrow' and `caption' package documentations.
Try typing  <return>  to proceed.
If that doesn't work, type  X <return>  to quit.

<retractions_and_citations_Country.png, id=481, 1011.78pt x 578.16pt>
File: retractions_and_citations_Country.png Graphic file (type png)
<use retractions_and_citations_Country.png>
Package pdftex.def Info: retractions_and_citations_Country.png  used on input l
ine 515.
(pdftex.def)             Requested size: 232.4797pt x 132.84166pt.

! Package floatrow Error: Caption(s) lost.

See the floatrow package documentation for explanation.
Type  H <return>  for immediate help.
 ...                                              
                                                  
l.516 ...ion{Retractions and Citations by Country}
                                                  
If you do not understand this error, please take look
at `floatrow' and `caption' package documentations.
Try typing  <return>  to proceed.
If that doesn't work, type  X <return>  to quit.

<retractions_and_citations_Reason.png, id=482, 1011.78pt x 578.16pt>
File: retractions_and_citations_Reason.png Graphic file (type png)
<use retractions_and_citations_Reason.png>
Package pdftex.def Info: retractions_and_citations_Reason.png  used on input li
ne 522.
(pdftex.def)             Requested size: 232.4797pt x 132.84166pt.

! Package floatrow Error: Caption(s) lost.

See the floatrow package documentation for explanation.
Type  H <return>  for immediate help.
 ...                                              
                                                  
l.523 ...tion{Retractions and Citations by Reason}
                                                  
If you do not understand this error, please take look
at `floatrow' and `caption' package documentations.
Try typing  <return>  to proceed.
If that doesn't work, type  X <return>  to quit.

<retractions_and_citations_Subject.png, id=483, 1011.78pt x 578.16pt>
File: retractions_and_citations_Subject.png Graphic file (type png)
<use retractions_and_citations_Subject.png>
Package pdftex.def Info: retractions_and_citations_Subject.png  used on input l
ine 529.
(pdftex.def)             Requested size: 232.4797pt x 132.84166pt.

! Package floatrow Error: Caption(s) lost.

See the floatrow package documentation for explanation.
Type  H <return>  for immediate help.
 ...                                              
                                                  
l.530 ...ion{Retractions and Citations by Subject}
                                                  
If you do not understand this error, please take look
at `floatrow' and `caption' package documentations.
Try typing  <return>  to proceed.
If that doesn't work, type  X <return>  to quit.


! Package floatrow Error: Caption(s) lost.

See the floatrow package documentation for explanation.
Type  H <return>  for immediate help.
 ...                                              
                                                  
l.533 ...ption{Retractions and Citations Analysis}
                                                  
If you do not understand this error, please take look
at `floatrow' and `caption' package documentations.
Try typing  <return>  to proceed.
If that doesn't work, type  X <return>  to quit.

LaTeX Font Info:    Trying to load font information for TS1+phv on input line 5
40.

(/Users/mahesh/Library/Application Support/MiKTeX/texmfs/install/tex/latex/psnf
ss/ts1phv.fd
File: ts1phv.fd 2020/03/25 scalable font definitions for TS1/phv.
) [24 <./retractions_and_citations_ArticleType.png> <./retractions_and_citation
s_Journal.png> <./retractions_and_citations_Publisher.png> <./retractions_and_c
itations_Country.png> <./retractions_and_citations_Reason.png> <./retractions_a
nd_citations_Subject.png>] [25]

! Package floatrow Error: Undefined float style `simple'.

See the floatrow package documentation for explanation.
Type  H <return>  for immediate help.
 ...                                              
                                                  
l.569 \begin{figure}
                    [h!]
If you do not understand this error, please take look
at `floatrow' and `caption' package documentations.
Try typing  <return>  to proceed.
If that doesn't work, type  X <return>  to quit.

<baseline_model_output.png, id=500, 416.55624pt x 133.49875pt>
File: baseline_model_output.png Graphic file (type png)
<use baseline_model_output.png>
Package pdftex.def Info: baseline_model_output.png  used on input line 571.
(pdftex.def)             Requested size: 387.47112pt x 124.18307pt.

! Package floatrow Error: Undefined float style `simple'.

See the floatrow package documentation for explanation.
Type  H <return>  for immediate help.
 ...                                              
                                                  
l.586 \begin{figure}
                    [h!]
If you do not understand this error, please take look
at `floatrow' and `caption' package documentations.
Try typing  <return>  to proceed.
If that doesn't work, type  X <return>  to quit.

<random_forest_output.png, id=501, 397.485pt x 121.45375pt>
File: random_forest_output.png Graphic file (type png)
<use random_forest_output.png>
Package pdftex.def Info: random_forest_output.png  used on input line 588.
(pdftex.def)             Requested size: 387.47112pt x 118.39745pt.

LaTeX Warning: `!h' float specifier changed to `!ht'.

[26 <./baseline_model_output.png>]
LaTeX Font Info:    Trying to load font information for T1+LinuxLibertineMonoT-
TLF on input line 601.

(/Users/mahesh/Library/Application Support/MiKTeX/texmfs/install/tex/latex/libe
rtine/T1LinuxLibertineMonoT-TLF.fd
File: T1LinuxLibertineMonoT-TLF.fd 2019/05/20 (autoinst) Font definitions for T
1/LinuxLibertineMonoT-TLF.
)
LaTeX Font Info:    Font shape `T1/LinuxLibertineMonoT-TLF/m/n' in size <12> no
t available
(Font)              Font shape `T1/LinuxLibertineMonoT-TLF/regular/n' tried ins
tead on input line 601.
LaTeX Font Info:    Font shape `T1/LinuxLibertineMonoT-TLF/regular/n' will be
(Font)              scaled to size 12.0pt on input line 601.


! Package floatrow Error: Undefined float style `simple'.

See the floatrow package documentation for explanation.
Type  H <return>  for immediate help.
 ...                                              
                                                  
l.603 \begin{figure}
                    [h!]
If you do not understand this error, please take look
at `floatrow' and `caption' package documentations.
Try typing  <return>  to proceed.
If that doesn't work, type  X <return>  to quit.

<random_forest_tuning_output.png, id=509, 450.68375pt x 115.43124pt>
File: random_forest_tuning_output.png Graphic file (type png)
<use random_forest_tuning_output.png>
Package pdftex.def Info: random_forest_tuning_output.png  used on input line 60
5.
(pdftex.def)             Requested size: 387.47112pt x 99.24602pt.
[27 <./random_forest_output.png> <./random_forest_tuning_output.png>] [28]
[29]

! Package floatrow Error: Undefined float style `simple'.

See the floatrow package documentation for explanation.
Type  H <return>  for immediate help.
 ...                                              
                                                  
l.647 \begin{figure}
                    [t]
If you do not understand this error, please take look
at `floatrow' and `caption' package documentations.
Try typing  <return>  to proceed.
If that doesn't work, type  X <return>  to quit.

<model_interpretation.png, id=527, 449.68pt x 117.43875pt>
File: model_interpretation.png Graphic file (type png)
<use model_interpretation.png>
Package pdftex.def Info: model_interpretation.png  used on input line 649.
(pdftex.def)             Requested size: 387.47112pt x 101.19603pt.
[30] [31 <./model_interpretation.png>]

! Package floatrow Error: Undefined float style `simple'.

See the floatrow package documentation for explanation.
Type  H <return>  for immediate help.
 ...                                              
                                                  
l.665 \begin{figure}
                    [t]
If you do not understand this error, please take look
at `floatrow' and `caption' package documentations.
Try typing  <return>  to proceed.
If that doesn't work, type  X <return>  to quit.

<elbow_method.png, id=537, 722.7pt x 433.62pt>
File: elbow_method.png Graphic file (type png)
<use elbow_method.png>
Package pdftex.def Info: elbow_method.png  used on input line 667.
(pdftex.def)             Requested size: 387.47112pt x 232.48395pt.

! Package floatrow Error: Undefined float style `simple'.

See the floatrow package documentation for explanation.
Type  H <return>  for immediate help.
 ...                                              
                                                  
l.672 \begin{figure}
                    [t]
If you do not understand this error, please take look
at `floatrow' and `caption' package documentations.
Try typing  <return>  to proceed.
If that doesn't work, type  X <return>  to quit.

<distribution_Country_across_clusters.png, id=538, 722.7pt x 433.62pt>
File: distribution_Country_across_clusters.png Graphic file (type png)
<use distribution_Country_across_clusters.png>
Package pdftex.def Info: distribution_Country_across_clusters.png  used on inpu
t line 676.
(pdftex.def)             Requested size: 237.3278pt x 142.39369pt.
<distribution_Reason_across_clusters.png, id=539, 722.7pt x 433.62pt>
File: distribution_Reason_across_clusters.png Graphic file (type png)
<use distribution_Reason_across_clusters.png>
Package pdftex.def Info: distribution_Reason_across_clusters.png  used on input
 line 683.
(pdftex.def)             Requested size: 237.3278pt x 142.39369pt.

! Package floatrow Error: Caption(s) lost.

See the floatrow package documentation for explanation.
Type  H <return>  for immediate help.
 ...                                              
                                                  
l.684 ...n{Distribution of Reason across Clusters}
                                                  
If you do not understand this error, please take look
at `floatrow' and `caption' package documentations.
Try typing  <return>  to proceed.
If that doesn't work, type  X <return>  to quit.

<distribution_ArticleType_across_clusters.png, id=540, 722.7pt x 433.62pt>
File: distribution_ArticleType_across_clusters.png Graphic file (type png)
<use distribution_ArticleType_across_clusters.png>
Package pdftex.def Info: distribution_ArticleType_across_clusters.png  used on 
input line 690.
(pdftex.def)             Requested size: 237.3278pt x 142.39369pt.

! Package floatrow Error: Caption(s) lost.

See the floatrow package documentation for explanation.
Type  H <return>  for immediate help.
 ...                                              
                                                  
l.691 ...ribution of Article Type across Clusters}
                                                  
If you do not understand this error, please take look
at `floatrow' and `caption' package documentations.
Try typing  <return>  to proceed.
If that doesn't work, type  X <return>  to quit.

<distribution_Publisher_across_clusters.png, id=541, 722.7pt x 433.62pt>
File: distribution_Publisher_across_clusters.png Graphic file (type png)
<use distribution_Publisher_across_clusters.png>
Package pdftex.def Info: distribution_Publisher_across_clusters.png  used on in
put line 697.
(pdftex.def)             Requested size: 237.3278pt x 142.39369pt.

! Package floatrow Error: Caption(s) lost.

See the floatrow package documentation for explanation.
Type  H <return>  for immediate help.
 ...                                              
                                                  
l.698 ...istribution of Publisher across Clusters}
                                                  
If you do not understand this error, please take look
at `floatrow' and `caption' package documentations.
Try typing  <return>  to proceed.
If that doesn't work, type  X <return>  to quit.

[32 <./elbow_method.png>] [33 <./distribution_Country_across_clusters.png> <./d
istribution_Reason_across_clusters.png> <./distribution_ArticleType_across_clus
ters.png> <./distribution_Publisher_across_clusters.png>]

! Package floatrow Error: Undefined float style `simple'.

See the floatrow package documentation for explanation.
Type  H <return>  for immediate help.
 ...                                              
                                                  
l.718 \begin{figure}
                    [t]
If you do not understand this error, please take look
at `floatrow' and `caption' package documentations.
Try typing  <return>  to proceed.
If that doesn't work, type  X <return>  to quit.

<model_comparison.png, id=555, 454.69875pt x 131.49126pt>
File: model_comparison.png Graphic file (type png)
<use model_comparison.png>
Package pdftex.def Info: model_comparison.png  used on input line 720.
(pdftex.def)             Requested size: 387.47112pt x 112.05098pt.

! Package floatrow Error: Undefined float style `simple'.

See the floatrow package documentation for explanation.
Type  H <return>  for immediate help.
 ...                                              
                                                  
l.736 \begin{figure}
                    [b!]
If you do not understand this error, please take look
at `floatrow' and `caption' package documentations.
Try typing  <return>  to proceed.
If that doesn't work, type  X <return>  to quit.

<confusion_matrix.png, id=556, 722.7pt x 578.16pt>
File: confusion_matrix.png Graphic file (type png)
<use confusion_matrix.png>
Package pdftex.def Info: confusion_matrix.png  used on input line 738.
(pdftex.def)             Requested size: 387.47112pt x 309.9786pt.
[34 <./model_comparison.png>] [35 <./confusion_matrix.png>] [36]
LaTeX Font Info:    Font shape `T1/phv/m/it' in size <12> not available
(Font)              Font shape `T1/phv/m/sl' tried instead on input line 756.

Overfull \hbox (18.02533pt too wide) in paragraph at lines 764--765
[]\T1/phv/m/n/12 Retraction Watch. (n.d.). Re-tracted coro-n-avirus (COVID-19) 
pa-pers. Re-trieved from [][]$\T1/LinuxLibertineMonoT-TLF/regular/n/12 https :/
/
 []


Overfull \hbox (51.91716pt too wide) in paragraph at lines 774--775
[][][]$\T1/LinuxLibertineMonoT-TLF/regular/n/12 https :// github [] .com / mahe
sh989 / EDA [] -and [] -Modelling [] -of [] -Retracted [] -Papers$[][] 
 []


Package caption Warning: Unused \captionsetup[subfloat] on input line 19.
See the caption package documentation for explanation.

[37

] (data_visualization_report.aux)

LaTeX Warning: There were multiply-defined labels.

Package rerunfilecheck Info: File `data_visualization_report.out' has not chang
ed.
(rerunfilecheck)             Checksum: C0E3AA823275A3D5AF79192670C6A3EB;8161.
 )
(\end occurred inside a group at level 1)

### semi simple group (level 1) entered at line 192 (\begingroup)
### bottom level 
Here is how much of TeX's memory you used:
 22726 strings out of 478594
 428663 string characters out of 2841752
 738077 words of memory out of 3000000
 40367 multiletter control sequences out of 15000+600000
 503536 words of font info for 77 fonts, out of 8000000 for 9000
 1141 hyphenation exceptions out of 8191
 71i,10n,77p,1369b,974s stack positions out of 5000i,500n,10000p,200000b,80000s
{/Library/Application Support/MiKTeX/texmfs/install/fonts/enc/d
vips/base/8r.enc}{/Users/mahesh/Library/Application Support/MiKTeX/texmfs/insta
ll/fonts/enc/dvips/libertine/lbtn_dhi6qf.enc}</Users/mahesh/Library/Application
 Support/MiKTeX/texmfs/install/fonts/type1/public/libertine/LinLibertineMT.pfb>
</Library/Application Support/MiKTeX/texmfs/install/fonts/type1/public/amsfonts
/cm/cmr12.pfb></Users/mahesh/Library/Application Support/MiKTeX/texmfs/install/
fonts/type1/public/newtx/txsys.pfb></Library/Application Support/MiKTeX/texmfs/
install/fonts/type1/urw/helvetic/uhvb8a.pfb></Library/Application Support/MiKTe
X/texmfs/install/fonts/type1/urw/helvetic/uhvr8a.pfb></Library/Application Supp
ort/MiKTeX/texmfs/install/fonts/type1/urw/helvetic/uhvro8a.pfb>
Output written on data_visualization_report.pdf (40 pages, 4249146 bytes).
PDF statistics:
 644 PDF objects out of 1000 (max. 8388607)
 120 named destinations out of 1000 (max. 500000)
 526 words of extra memory for PDF output out of 10000 (max. 10000000)

